<?xml version="1.0" encoding="UTF-8"?>
<!-- Generated by org.testng.reporters.JUnitXMLReporter -->
<testsuite ignored="0" hostname="DESKTOP-UKFMVAS" failures="0" tests="2" name="Test1" time="0.2" errors="0" timestamp="2025-06-05T05:16:14 GMT-07:00">
  <testcase classname="com.comcast.crm.baseTest.BaseClass" name="@BeforeClass configBc" time="-1.749125774218E9">
    <failure type="org.testng.TestNGException" message="
Parameter &amp;apos;BROWSERS&amp;apos; is required by BeforeClass on method configBc but has not been marked @Optional or defined
in C:\Users\hp\eclipse-workspace\TekPyramid\suit_parallelExecution.xml">
      <![CDATA[org.testng.TestNGException: 
Parameter 'BROWSERS' is required by BeforeClass on method configBc but has not been marked @Optional or defined
in C:\Users\hp\eclipse-workspace\TekPyramid\suit_parallelExecution.xml
at java.base/java.util.ArrayList.forEach(ArrayList.java:1597)
at java.base/java.util.concurrent.FutureTask.run(FutureTask.java:317)
at java.base/java.util.concurrent.ThreadPoolExecutor.runWorker(ThreadPoolExecutor.java:1144)
at java.base/java.util.concurrent.ThreadPoolExecutor$Worker.run(ThreadPoolExecutor.java:642)
at java.base/java.lang.Thread.run(Thread.java:1575)
... Removed 12 stack frames]]>
    </failure>
  </testcase> <!-- @BeforeClass configBc -->
  <testcase classname="com.comcast.crm.baseTest.BaseClass" name="@BeforeClass configBc" time="-1.749125774218E9">
    <failure type="org.testng.TestNGException" message="
Parameter &amp;apos;BROWSERS&amp;apos; is required by BeforeClass on method configBc but has not been marked @Optional or defined
in C:\Users\hp\eclipse-workspace\TekPyramid\suit_parallelExecution.xml">
      <![CDATA[org.testng.TestNGException: 
Parameter 'BROWSERS' is required by BeforeClass on method configBc but has not been marked @Optional or defined
in C:\Users\hp\eclipse-workspace\TekPyramid\suit_parallelExecution.xml
at java.base/java.util.ArrayList.forEach(ArrayList.java:1597)
at java.base/java.util.concurrent.FutureTask.run(FutureTask.java:317)
at java.base/java.util.concurrent.ThreadPoolExecutor.runWorker(ThreadPoolExecutor.java:1144)
at java.base/java.util.concurrent.ThreadPoolExecutor$Worker.run(ThreadPoolExecutor.java:642)
at java.base/java.lang.Thread.run(Thread.java:1575)
... Removed 12 stack frames]]>
    </failure>
  </testcase> <!-- @BeforeClass configBc -->
  <testcase classname="com.comcast.crm.baseTest.BaseClass" name="@BeforeMethod configBm" time="0.0">
    <skipped/>
  </testcase> <!-- @BeforeMethod configBm -->
  <testcase classname="com.comcast.crm.baseTest.BaseClass" name="@BeforeMethod configBm" time="0.0">
    <skipped/>
  </testcase> <!-- @BeforeMethod configBm -->
  <testcase classname="com.comcast.crm.baseTest.BaseClass" name="@AfterMethod configAm" time="0.0">
    <skipped/>
  </testcase> <!-- @AfterMethod configAm -->
  <testcase classname="com.comcast.crm.baseTest.BaseClass" name="@AfterMethod configAm" time="0.0">
    <skipped/>
  </testcase> <!-- @AfterMethod configAm -->
  <testcase classname="com.comcast.crm.baseTest.BaseClass" name="@BeforeMethod configBm" time="0.0">
    <skipped/>
  </testcase> <!-- @BeforeMethod configBm -->
  <testcase classname="com.comcast.crm.baseTest.BaseClass" name="@BeforeMethod configBm" time="0.0">
    <skipped/>
  </testcase> <!-- @BeforeMethod configBm -->
  <testcase classname="com.comcast.crm.baseTest.BaseClass" name="@AfterMethod configAm" time="0.0">
    <skipped/>
  </testcase> <!-- @AfterMethod configAm -->
  <testcase classname="com.comcast.crm.baseTest.BaseClass" name="@AfterClass configAc" time="0.0">
    <skipped/>
  </testcase> <!-- @AfterClass configAc -->
  <testcase classname="com.comcast.crm.baseTest.BaseClass" name="@AfterMethod configAm" time="0.0">
    <skipped/>
  </testcase> <!-- @AfterMethod configAm -->
  <testcase classname="com.comcast.crm.baseTest.BaseClass" name="@AfterClass configAc" time="0.0">
    <skipped/>
  </testcase> <!-- @AfterClass configAc -->
  <testcase classname="com.comcast.crm.orgTest.CreateOrganisationTest" name="createOrgWithIndustryTest" time="0.003">
    <skipped/>
  </testcase> <!-- createOrgWithIndustryTest -->
  <testcase classname="com.comcast.crm.orgTest.CreateOrganisationTest" name="createorgTest" time="0.001">
    <skipped/>
  </testcase> <!-- createorgTest -->
</testsuite> <!-- Test1 -->
